#
# There is insufficient memory for the Java Runtime Environment to continue.
# Native memory allocation (mmap) failed to map 268435456 bytes for Failed to commit area from 0x0000000701e00000 to 0x0000000711e00000 of length 268435456.
# Possible reasons:
#   The system is out of physical RAM or swap space
#   The process is running with CompressedOops enabled, and the Java Heap may be blocking the growth of the native heap
# Possible solutions:
#   Reduce memory load on the system
#   Increase physical memory or swap space
#   Check if swap backing store is full
#   Decrease Java heap size (-Xmx/-Xms)
#   Decrease number of Java threads
#   Decrease Java thread stack sizes (-Xss)
#   Set larger code cache with -XX:ReservedCodeCacheSize=
# This output file may be truncated or incomplete.
#
#  Out of Memory Error (t:/workspace/open/src/hotspot/os/windows/os_windows.cpp:3301), pid=8996, tid=32464
#
# JRE version:  (13.0.2+8) (build )
# Java VM: Java HotSpot(TM) 64-Bit Server VM (13.0.2+8, mixed mode, aot, sharing, tiered, compressed oops, g1 gc, windows-amd64)
# No core dump will be written. Minidumps are not enabled by default on client versions of Windows
#

---------------  S U M M A R Y ------------

Command Line: -Dfile.encoding=Cp1252 application.Application

Host: Intel(R) Core(TM) i7-7700HQ CPU @ 2.80GHz, 8 cores, 15G,  Windows 10 , 64 bit Build 19041 (10.0.19041.1466)
Time: Sun Jan 16 01:26:03 2022 Paris, Madrid elapsed time: 0 seconds (0d 0h 0m 0s)

---------------  T H R E A D  ---------------

Current thread (0x000001f5f7359800):  JavaThread "Unknown thread" [_thread_in_vm, id=32464, stack(0x0000002d6a700000,0x0000002d6a800000)]

Stack: [0x0000002d6a700000,0x0000002d6a800000]
Native frames: (J=compiled Java code, j=interpreted, Vv=VM code, C=native code)
V  [jvm.dll+0x624f9a]
V  [jvm.dll+0x770cfa]
V  [jvm.dll+0x7724af]
V  [jvm.dll+0x772ab3]
V  [jvm.dll+0x24bf08]
V  [jvm.dll+0x6222aa]
V  [jvm.dll+0x6170b5]
V  [jvm.dll+0x30a88c]
V  [jvm.dll+0x30a6c2]
V  [jvm.dll+0x30fe36]
V  [jvm.dll+0x353f46]
V  [jvm.dll+0x353720]
V  [jvm.dll+0x2e550a]
V  [jvm.dll+0x2e67a2]
V  [jvm.dll+0x74dd78]
V  [jvm.dll+0x361989]
V  [jvm.dll+0x730e65]
V  [jvm.dll+0x3cc53f]
V  [jvm.dll+0x3ce861]
C  [jli.dll+0x51ff]
C  [ucrtbase.dll+0x21bb2]
C  [KERNEL32.DLL+0x17034]
C  [ntdll.dll+0x52651]


---------------  P R O C E S S  ---------------

Threads class SMR info:
_java_thread_list=0x00007ffe0b1fccb8, length=0, elements={
}

Java Threads: ( => current thread )

Other Threads:
  0x000001f5f73c1800 GCTaskThread "GC Thread#0" [stack: 0x0000002d6a800000,0x0000002d6a900000] [id=31804]
  0x000001f5f73e3800 ConcurrentGCThread "G1 Main Marker" [stack: 0x0000002d6a900000,0x0000002d6aa00000] [id=33324]
  0x000001f5f73e5000 ConcurrentGCThread "G1 Conc#0" [stack: 0x0000002d6aa00000,0x0000002d6ab00000] [id=29304]

[error occurred during error reporting (printing all threads), id 0xc0000005, EXCEPTION_ACCESS_VIOLATION (0xc0000005) at pc=0x00007ffe0aa351d7]

VM state:not at safepoint (not fully initialized)

VM Mutex/Monitor currently owned by a thread:  ([mutex/lock_event])
[0x000001f5f7356a00] Heap_lock - owner thread: 0x000001f5f7359800

Heap address: 0x0000000701e00000, size: 4066 MB, Compressed Oops mode: Non-zero based: 0x0000000701e00000
Narrow klass base: 0x0000000000000000, Narrow klass shift: 0

GC Heap History (0 events):
No events

Deoptimization events (0 events):
No events

Classes unloaded (0 events):
No events

Classes redefined (0 events):
No events

Internal exceptions (0 events):
No events

Events (8 events):
Event: 0.008 Loaded shared library C:\Program Files\Java\jdk-13.0.2\bin\zip.dll
Event: 0.008 Loaded shared library C:\Program Files\Java\jdk-13.0.2\bin\jimage.dll
Event: 0.010 Loading shared library C:\Program Files\Java\jdk-13.0.2\lib\libjava.base-coop.dll failed, error code 126
Event: 0.010 Loading shared library C:\Program Files\Java\jdk-13.0.2\lib\libjava.logging-coop.dll failed, error code 126
Event: 0.010 Loading shared library C:\Program Files\Java\jdk-13.0.2\lib\libjdk.compiler-coop.dll failed, error code 126
Event: 0.010 Loading shared library C:\Program Files\Java\jdk-13.0.2\lib\libjdk.scripting.nashorn-coop.dll failed, error code 126
Event: 0.010 Loading shared library C:\Program Files\Java\jdk-13.0.2\lib\libjdk.internal.vm.ci-coop.dll failed, error code 126
Event: 0.010 Loading shared library C:\Program Files\Java\jdk-13.0.2\lib\libjdk.internal.vm.compiler-coop.dll failed, error code 126


Dynamic libraries:
0x00007ff65cdb0000 - 0x00007ff65cdbf000 	C:\Program Files\Java\jdk-13.0.2\bin\javaw.exe
0x00007ffe65330000 - 0x00007ffe65525000 	C:\WINDOWS\SYSTEM32\ntdll.dll
0x00007ffe64600000 - 0x00007ffe646be000 	C:\WINDOWS\System32\KERNEL32.DLL
0x00007ffe62b50000 - 0x00007ffe62e18000 	C:\WINDOWS\System32\KERNELBASE.dll
0x00007ffe62ec0000 - 0x00007ffe62fc0000 	C:\WINDOWS\System32\ucrtbase.dll
0x00007ffe50190000 - 0x00007ffe501a5000 	C:\Program Files\Java\jdk-13.0.2\bin\VCRUNTIME140.dll
0x00007ffe50170000 - 0x00007ffe50188000 	C:\Program Files\Java\jdk-13.0.2\bin\jli.dll
0x00007ffe63e10000 - 0x00007ffe63ebe000 	C:\WINDOWS\System32\ADVAPI32.dll
0x00007ffe63750000 - 0x00007ffe637ee000 	C:\WINDOWS\System32\msvcrt.dll
0x00007ffe636b0000 - 0x00007ffe6374c000 	C:\WINDOWS\System32\sechost.dll
0x00007ffe64960000 - 0x00007ffe64a85000 	C:\WINDOWS\System32\RPCRT4.dll
0x00007ffe63480000 - 0x00007ffe63621000 	C:\WINDOWS\System32\USER32.dll
0x00007ffe5a380000 - 0x00007ffe5a61a000 	C:\WINDOWS\WinSxS\amd64_microsoft.windows.common-controls_6595b64144ccf1df_6.0.19041.1110_none_60b5254171f9507e\COMCTL32.dll
0x00007ffe62b20000 - 0x00007ffe62b42000 	C:\WINDOWS\System32\win32u.dll
0x00007ffe64770000 - 0x00007ffe6479b000 	C:\WINDOWS\System32\GDI32.dll
0x00007ffe63260000 - 0x00007ffe6336d000 	C:\WINDOWS\System32\gdi32full.dll
0x00007ffe62e20000 - 0x00007ffe62ebd000 	C:\WINDOWS\System32\msvcp_win.dll
0x00007ffe5c5d0000 - 0x00007ffe5c5da000 	C:\WINDOWS\SYSTEM32\VERSION.dll
0x00007ffe63370000 - 0x00007ffe633a0000 	C:\WINDOWS\System32\IMM32.DLL
0x00007ffe500d0000 - 0x00007ffe5016b000 	C:\Program Files\Java\jdk-13.0.2\bin\msvcp140.dll
0x00007ffe0a740000 - 0x00007ffe0b29d000 	C:\Program Files\Java\jdk-13.0.2\bin\server\jvm.dll
0x00007ffe651e0000 - 0x00007ffe651e8000 	C:\WINDOWS\System32\PSAPI.DLL
0x00007ffe5ea90000 - 0x00007ffe5ea99000 	C:\WINDOWS\SYSTEM32\WSOCK32.dll
0x00007ffe4a7b0000 - 0x00007ffe4a7d7000 	C:\WINDOWS\SYSTEM32\WINMM.dll
0x00007ffe65280000 - 0x00007ffe652eb000 	C:\WINDOWS\System32\WS2_32.dll
0x00007ffe612f0000 - 0x00007ffe61302000 	C:\WINDOWS\SYSTEM32\kernel.appcore.dll
0x00007ffe5ea70000 - 0x00007ffe5ea80000 	C:\Program Files\Java\jdk-13.0.2\bin\verify.dll
0x00007ffe60fe0000 - 0x00007ffe611c4000 	C:\WINDOWS\SYSTEM32\DBGHELP.DLL
0x00007ffe4a620000 - 0x00007ffe4a64c000 	C:\WINDOWS\SYSTEM32\dbgcore.DLL
0x00007ffe631d0000 - 0x00007ffe63252000 	C:\WINDOWS\System32\bcryptPrimitives.dll
0x00007ffe4c7f0000 - 0x00007ffe4c816000 	C:\Program Files\Java\jdk-13.0.2\bin\java.dll
0x00007ffe5e960000 - 0x00007ffe5e977000 	C:\Program Files\Java\jdk-13.0.2\bin\zip.dll
0x00007ffe5ea40000 - 0x00007ffe5ea4a000 	C:\Program Files\Java\jdk-13.0.2\bin\jimage.dll

dbghelp: loaded successfully - version: 4.0.5 - missing functions: none
symbol engine: initialized successfully - sym options: 0x614 - pdb path: .;C:\Program Files\Java\jdk-13.0.2\bin;C:\WINDOWS\SYSTEM32;C:\WINDOWS\WinSxS\amd64_microsoft.windows.common-controls_6595b64144ccf1df_6.0.19041.1110_none_60b5254171f9507e;C:\Program Files\Java\jdk-13.0.2\bin\server

VM Arguments:
jvm_args: -Dfile.encoding=Cp1252 
java_command: application.Application
java_class_path (initial): C:\Users\USER\git\Citadelles\citadelles\bin
Launcher Type: SUN_STANDARD

[Global flags]
     intx CICompilerCount                          = 4                                         {product} {ergonomic}
     uint ConcGCThreads                            = 2                                         {product} {ergonomic}
     uint G1ConcRefinementThreads                  = 8                                         {product} {ergonomic}
   size_t G1HeapRegionSize                         = 1048576                                   {product} {ergonomic}
    uintx GCDrainStackTargetSize                   = 64                                        {product} {ergonomic}
   size_t InitialHeapSize                          = 268435456                                 {product} {ergonomic}
   size_t MarkStackSize                            = 4194304                                   {product} {ergonomic}
   size_t MaxHeapSize                              = 4263510016                                {product} {ergonomic}
   size_t MinHeapDeltaBytes                        = 1048576                                   {product} {ergonomic}
   size_t MinHeapSize                              = 8388608                                   {product} {ergonomic}
    uintx NonNMethodCodeHeapSize                   = 5839372                                {pd product} {ergonomic}
    uintx NonProfiledCodeHeapSize                  = 122909434                              {pd product} {ergonomic}
    uintx ProfiledCodeHeapSize                     = 122909434                              {pd product} {ergonomic}
    uintx ReservedCodeCacheSize                    = 251658240                              {pd product} {ergonomic}
     bool SegmentedCodeCache                       = true                                      {product} {ergonomic}
   size_t SoftMaxHeapSize                          = 4263510016                             {manageable} {ergonomic}
     bool UseCompressedClassPointers               = true                                 {lp64_product} {ergonomic}
     bool UseCompressedOops                        = true                                 {lp64_product} {ergonomic}
     bool UseG1GC                                  = true                                      {product} {ergonomic}
     bool UseLargePagesIndividualAllocation        = false                                  {pd product} {ergonomic}

Logging:
Log output configuration:
 #0: stdout all=warning uptime,level,tags
 #1: stderr all=off uptime,level,tags

Environment Variables:
PATH=C:/Program Files/Java/jdk-13.0.2/bin/server;C:/Program Files/Java/jdk-13.0.2/bin;C:\ProgramData\Oracle\Java\javapath;C:\WINDOWS\system32;C:\WINDOWS;C:\WINDOWS\System32\Wbem;C:\WINDOWS\System32\WindowsPowerShell\v1.0\;C:\WINDOWS\System32\OpenSSH\;C:\Program Files\Git\cmd;C:\xampp\php;C:\composer;C:\Program Files\nodejs\;C:\Program Files\PuTTY\;C:\Users\USER\AppData\Local\Microsoft\WindowsApps;C:\Users\USER\AppData\Local\atom\bin;C:\Users\USER\AppData\Roaming\Composer\vendor\bin;C:\Users\USER\AppData\Local\Programs\Microsoft VS Code\bin;C:\Users\USER\AppData\Roaming\npm;%USERPROFILE%\AppData\Local\Microsoft\WindowsApps;;C:\WINDOWS\system32;
USERNAME=USER
OS=Windows_NT
PROCESSOR_IDENTIFIER=Intel64 Family 6 Model 158 Stepping 9, GenuineIntel



---------------  S Y S T E M  ---------------

OS: Windows 10 , 64 bit Build 19041 (10.0.19041.1466)

CPU:total 8 (initial active 8) (4 cores per cpu, 2 threads per core) family 6 model 158 stepping 9, cmov, cx8, fxsr, mmx, sse, sse2, sse3, ssse3, sse4.1, sse4.2, popcnt, avx, avx2, aes, clmul, erms, 3dnowpref, lzcnt, ht, tsc, tscinvbit, bmi1, bmi2, adx, fma

Memory: 4k page, system-wide physical 16263M (6423M free)
TotalPageFile size 65415M (AvailPageFile size 260M)
current process WorkingSet (physical memory assigned to process): 10M, peak: 10M
current process commit charge ("private bytes"): 61M, peak: 317M

vm_info: Java HotSpot(TM) 64-Bit Server VM (13.0.2+8) for windows-amd64 JRE (13.0.2+8), built on Dec 11 2019 09:20:33 by "mach5one" with unknown MS VC++:1916

END.
